Start testing: Jan 21 09:47 CET
----------------------------------------------------------
1/5 Testing: TestNMEAPkt
1/5 Test: TestNMEAPkt
Command: "/home/javier/repo/deploy_env_test/deploy_test_esp/test/nmea"
Directory: /home/javier/repo/deploy_env_test/deploy_test_esp/test
"TestNMEAPkt" start time: Jan 21 09:47 CET
Output:
----------------------------------------------------------
Running main() from /home/javier/repo/deploy_env_test/deploy_test_esp/test/googletest-src/googletest/src/gtest_main.cc
[==========] Running 9 tests from 1 test case.
[----------] Global test environment set-up.
[----------] 9 tests from TestNMEAPkt
[ RUN      ] TestNMEAPkt.ParseAllFields_when_FullPkt1
............ [APP] D/NMEA: raw $10,A,0.10,WPTNME*66[0m
............ [APP] D/NMEA: Checkum: 0x66[0m
[0;36m............ [APP] I/NMEA: Received page: 10[0m
[       OK ] TestNMEAPkt.ParseAllFields_when_FullPkt1 (0 ms)
[ RUN      ] TestNMEAPkt.ParseAllFields_when_FullPkt2
............ [APP] D/NMEA: raw $91,12,6a7*6B[0m
............ [APP] D/NMEA: Checkum: 0x6B[0m
[0;36m............ [APP] I/NMEA: Received page: 91[0m
[       OK ] TestNMEAPkt.ParseAllFields_when_FullPkt2 (0 ms)
[ RUN      ] TestNMEAPkt.ParsePkt_when_EmptyParameters
............ [APP] D/NMEA: raw $42*06[0m
............ [APP] D/NMEA: Checkum: 0x06[0m
[0;36m............ [APP] I/NMEA: Received page: 42[0m
[       OK ] TestNMEAPkt.ParsePkt_when_EmptyParameters (0 ms)
[ RUN      ] TestNMEAPkt.DoNothing_when_ChecksumNotValid
............ [APP] D/NMEA: raw $91,12,6a7*00[0m
............ [APP] D/NMEA: Checkum: 0x00[0m
[0;36m............ [APP] I/NMEA: Received page: 91[0m
[0;35m............ [APP] E/NMEA: Wrong checksum[0m
[       OK ] TestNMEAPkt.DoNothing_when_ChecksumNotValid (0 ms)
[ RUN      ] TestNMEAPkt.DoNothing_when_IncompletePkt
[0;33m............ [APP] W/NMEA: Array incomplete[0m
[0;33m............ [APP] W/NMEA: Array incomplete[0m
[0;33m............ [APP] W/NMEA: Array incomplete[0m
[       OK ] TestNMEAPkt.DoNothing_when_IncompletePkt (0 ms)
[ RUN      ] TestNMEAPkt.CreateRawPkt_when_FieldsGiven
............ [APP] D/NMEA: raw $91,12,6a7*6B[0m
[       OK ] TestNMEAPkt.CreateRawPkt_when_FieldsGiven (0 ms)
[ RUN      ] TestNMEAPkt.CreateRawPkt_when_EmptyFieldsGiven
............ [APP] D/NMEA: raw $91*08[0m
[       OK ] TestNMEAPkt.CreateRawPkt_when_EmptyFieldsGiven (0 ms)
[ RUN      ] TestNMEAPkt.CreateRawPkt_when_LengthEqualsToMax
............ [APP] D/NMEA: raw $91,xxxxxxxxxxxxxxxxxxxxxxxxxxxxxxxxxxxxxxxxxx*24[0m
[       OK ] TestNMEAPkt.CreateRawPkt_when_LengthEqualsToMax (0 ms)
[ RUN      ] TestNMEAPkt.ReportPktNotValid_when_LengthBiggerThanExpected
[       OK ] TestNMEAPkt.ReportPktNotValid_when_LengthBiggerThanExpected (0 ms)
[----------] 9 tests from TestNMEAPkt (0 ms total)

[----------] Global test environment tear-down
[==========] 9 tests from 1 test case ran. (0 ms total)
[  PASSED  ] 9 tests.
<end of output>
Test time =   0.00 sec
----------------------------------------------------------
Test Passed.
"TestNMEAPkt" end time: Jan 21 09:47 CET
"TestNMEAPkt" time elapsed: 00:00:00
----------------------------------------------------------

2/5 Testing: TestSysInfo
2/5 Test: TestSysInfo
Command: "/home/javier/repo/deploy_env_test/deploy_test_esp/test/sysinfo"
Directory: /home/javier/repo/deploy_env_test/deploy_test_esp/test
"TestSysInfo" start time: Jan 21 09:47 CET
Output:
----------------------------------------------------------
Running main() from /home/javier/repo/deploy_env_test/deploy_test_esp/test/googletest-src/googletest/src/gtest_main.cc
[==========] Running 12 tests from 1 test case.
[----------] Global test environment set-up.
[----------] 12 tests from TestSysInfo
[ RUN      ] TestSysInfo.SavePicName_when_ResourceNotBusy
[0;36m............ [APP] I/SYSINFO: Setting PIC FW name: (Im_tha_PIC, 10)[0m
[0;36m............ [APP] I/SYSINFO: Getting PIC FW name: Im_tha_PIC[0m
[       OK ] TestSysInfo.SavePicName_when_ResourceNotBusy (0 ms)
[ RUN      ] TestSysInfo.SavePicName_when_TwoAttempts_and_ResourceNotBusy
[0;36m............ [APP] I/SYSINFO: Setting PIC FW name: (Wrong_name, 20)[0m
[0;36m............ [APP] I/SYSINFO: Setting PIC FW name: (Im_tha_PIC, 10)[0m
[0;36m............ [APP] I/SYSINFO: Getting PIC FW name: Im_tha_PIC[0m
[       OK ] TestSysInfo.SavePicName_when_TwoAttempts_and_ResourceNotBusy (0 ms)
[ RUN      ] TestSysInfo.DoNotSavePicName_when_ResourceBusy
[0;36m............ [APP] I/SYSINFO: Getting PIC FW name: [0m
[       OK ] TestSysInfo.DoNotSavePicName_when_ResourceBusy (0 ms)
[ RUN      ] TestSysInfo.DoNotReadPicName_when_ResourceBusy
[       OK ] TestSysInfo.DoNotReadPicName_when_ResourceBusy (0 ms)
[ RUN      ] TestSysInfo.SavePicVersion_when_ResourceNotBusy
[0;36m............ [APP] I/SYSINFO: Setting PIC FW ver: (abc)[0m
[0;36m............ [APP] I/SYSINFO: Getting PIC FW ver: (abc)[0m
[       OK ] TestSysInfo.SavePicVersion_when_ResourceNotBusy (0 ms)
[ RUN      ] TestSysInfo.DoNotSavePicVersion_when_ResourceBusy
[0;36m............ [APP] I/SYSINFO: Getting PIC FW ver: (fff)[0m
[       OK ] TestSysInfo.DoNotSavePicVersion_when_ResourceBusy (0 ms)
[ RUN      ] TestSysInfo.DoNotReadPicVersion_when_ResourceBusy
[       OK ] TestSysInfo.DoNotReadPicVersion_when_ResourceBusy (0 ms)
[ RUN      ] TestSysInfo.SaveSpeakerMode_when_ResourceNotBusy
[0;36m............ [APP] I/SYSINFO: Setting spk mode: 
[0m
[0;36m............ [APP] I/SYSINFO: Getting spk mode: 
[0m
[       OK ] TestSysInfo.SaveSpeakerMode_when_ResourceNotBusy (0 ms)
[ RUN      ] TestSysInfo.DoNotSaveSpeakerMode_when_ResourceBusy
[0;36m............ [APP] I/SYSINFO: Getting spk mode: E[0m
[       OK ] TestSysInfo.DoNotSaveSpeakerMode_when_ResourceBusy (0 ms)
[ RUN      ] TestSysInfo.DoNotReadSpeakerMode_when_ResourceBusy
[       OK ] TestSysInfo.DoNotReadSpeakerMode_when_ResourceBusy (0 ms)
[ RUN      ] TestSysInfo.SaveSpkId_when_ResourceNotBusy
[0;36m............ [APP] I/SYSINFO: Setting SPK ID: (A1B375)[0m
[0;36m............ [APP] I/SYSINFO: Getting SPK ID: (A1B375)[0m
[       OK ] TestSysInfo.SaveSpkId_when_ResourceNotBusy (0 ms)
[ RUN      ] TestSysInfo.DoNotSaveSpkId_when_ResourceBusy
[0;36m............ [APP] I/SYSINFO: Getting SPK ID: (000000)[0m
[       OK ] TestSysInfo.DoNotSaveSpkId_when_ResourceBusy (0 ms)
[----------] 12 tests from TestSysInfo (1 ms total)

[----------] Global test environment tear-down
[==========] 12 tests from 1 test case ran. (1 ms total)
[  PASSED  ] 12 tests.
<end of output>
Test time =   0.01 sec
----------------------------------------------------------
Test Passed.
"TestSysInfo" end time: Jan 21 09:47 CET
"TestSysInfo" time elapsed: 00:00:00
----------------------------------------------------------

3/5 Testing: TestBleAdv
3/5 Test: TestBleAdv
Command: "/home/javier/repo/deploy_env_test/deploy_test_esp/test/bleadv"
Directory: /home/javier/repo/deploy_env_test/deploy_test_esp/test
"TestBleAdv" start time: Jan 21 09:47 CET
Output:
----------------------------------------------------------
Running main() from /home/javier/repo/deploy_env_test/deploy_test_esp/test/googletest-src/googletest/src/gtest_main.cc
[==========] Running 12 tests from 1 test case.
[----------] Global test environment set-up.
[----------] 12 tests from TestBleAdv
[ RUN      ] TestBleAdv.UpdateBatteryInfoInAdv_when_DifferentParamsGiven
[       OK ] TestBleAdv.UpdateBatteryInfoInAdv_when_DifferentParamsGiven (0 ms)
[ RUN      ] TestBleAdv.UpdateCoCoInScanRes_when_NewValueGiven
[       OK ] TestBleAdv.UpdateCoCoInScanRes_when_NewValueGiven (0 ms)
[ RUN      ] TestBleAdv.TruncateNameInScanRes_when_SizeLargerThanMax
[0;33m............ [APP] W/BLE_ADV: Name truncated[0m
[       OK ] TestBleAdv.TruncateNameInScanRes_when_SizeLargerThanMax (0 ms)
[ RUN      ] TestBleAdv.SaveEntireNameInScanRes_when_SizeSmallerThanMax
[       OK ] TestBleAdv.SaveEntireNameInScanRes_when_SizeSmallerThanMax (0 ms)
[ RUN      ] TestBleAdv.DoNotModifyName_when_PointsToNull
[       OK ] TestBleAdv.DoNotModifyName_when_PointsToNull (0 ms)
[ RUN      ] TestBleAdv.JoinNamePrefixAndId_when_UsingDefaultNameStruct
[0;36m............ [APP] I/BLE_ADV: BLE name: kienSAT_123456[0m
[0;36m............ [APP] I/BLE_ADV: BLE name: kienSUB_A0B37F[0m
[       OK ] TestBleAdv.JoinNamePrefixAndId_when_UsingDefaultNameStruct (0 ms)
[ RUN      ] TestBleAdv.ParsingAndConvertingIdFromName_when_RetrievingId
[0;36m............ [APP] I/BLE_ADV: BLE name: kienSAT_A1B37F[0m
[       OK ] TestBleAdv.ParsingAndConvertingIdFromName_when_RetrievingId (0 ms)
[ RUN      ] TestBleAdv.UpdateFirmwareVersionInScanRes_when_NewVersionGiven
[       OK ] TestBleAdv.UpdateFirmwareVersionInScanRes_when_NewVersionGiven (0 ms)
[ RUN      ] TestBleAdv.IdentifyAsKienBeacon_when_UUIDMatches
[       OK ] TestBleAdv.IdentifyAsKienBeacon_when_UUIDMatches (0 ms)
[ RUN      ] TestBleAdv.IdentifyAsKienBeacon_when_UUIDDoesNotMatch
[       OK ] TestBleAdv.IdentifyAsKienBeacon_when_UUIDDoesNotMatch (0 ms)
[ RUN      ] TestBleAdv.IdentifyAsUnknownBeacon_when_SizeDoesNotMatch
[       OK ] TestBleAdv.IdentifyAsUnknownBeacon_when_SizeDoesNotMatch (0 ms)
[ RUN      ] TestBleAdv.HandleError_when_PtrIsNull
[       OK ] TestBleAdv.HandleError_when_PtrIsNull (0 ms)
[----------] 12 tests from TestBleAdv (1 ms total)

[----------] Global test environment tear-down
[==========] 12 tests from 1 test case ran. (1 ms total)
[  PASSED  ] 12 tests.
<end of output>
Test time =   0.00 sec
----------------------------------------------------------
Test Passed.
"TestBleAdv" end time: Jan 21 09:47 CET
"TestBleAdv" time elapsed: 00:00:00
----------------------------------------------------------

4/5 Testing: TestGroupInfo
4/5 Test: TestGroupInfo
Command: "/home/javier/repo/deploy_env_test/deploy_test_esp/test/groupinfo"
Directory: /home/javier/repo/deploy_env_test/deploy_test_esp/test
"TestGroupInfo" start time: Jan 21 09:47 CET
Output:
----------------------------------------------------------
Running main() from /home/javier/repo/deploy_env_test/deploy_test_esp/test/googletest-src/googletest/src/gtest_main.cc
[==========] Running 7 tests from 1 test case.
[----------] Global test environment set-up.
[----------] 7 tests from TestGroupInfo
[ RUN      ] TestGroupInfo.GroupEmpty_when_Init
[       OK ] TestGroupInfo.GroupEmpty_when_Init (0 ms)
[ RUN      ] TestGroupInfo.UpdateInfo_when_SingleNewFollowerAdded
[       OK ] TestGroupInfo.UpdateInfo_when_SingleNewFollowerAdded (0 ms)
[ RUN      ] TestGroupInfo.CleanUpInfo_when_NotEmptyAndRequested
[       OK ] TestGroupInfo.CleanUpInfo_when_NotEmptyAndRequested (0 ms)
[ RUN      ] TestGroupInfo.UpdateInfo_when_MultipleNewFollowersAdded
[       OK ] TestGroupInfo.UpdateInfo_when_MultipleNewFollowersAdded (0 ms)
[ RUN      ] TestGroupInfo.ReturnError_when_MaxFollowers
[0;35m............ [APP] E/GroupInfo: No space left for new followers[0m
[       OK ] TestGroupInfo.ReturnError_when_MaxFollowers (0 ms)
[ RUN      ] TestGroupInfo.NewItemNotSaved_when_FollowersListFull
[0;35m............ [APP] E/GroupInfo: No space left for new followers[0m
[       OK ] TestGroupInfo.NewItemNotSaved_when_FollowersListFull (0 ms)
[ RUN      ] TestGroupInfo.GroupComplete_when_AllFollowersMacsSaved
[0;36m............ [APP] I/GroupInfo: GroupInfo complete[0m
[       OK ] TestGroupInfo.GroupComplete_when_AllFollowersMacsSaved (0 ms)
[----------] 7 tests from TestGroupInfo (0 ms total)

[----------] Global test environment tear-down
[==========] 7 tests from 1 test case ran. (0 ms total)
[  PASSED  ] 7 tests.
<end of output>
Test time =   0.00 sec
----------------------------------------------------------
Test Passed.
"TestGroupInfo" end time: Jan 21 09:47 CET
"TestGroupInfo" time elapsed: 00:00:00
----------------------------------------------------------

5/5 Testing: TestUTADataset
5/5 Test: TestUTADataset
Command: "/home/javier/repo/deploy_env_test/deploy_test_esp/test/utadataset"
Directory: /home/javier/repo/deploy_env_test/deploy_test_esp/test
"TestUTADataset" start time: Jan 21 09:47 CET
Output:
----------------------------------------------------------
Running main() from /home/javier/repo/deploy_env_test/deploy_test_esp/test/googletest-src/googletest/src/gtest_main.cc
[==========] Running 3 tests from 1 test case.
[----------] Global test environment set-up.
[----------] 3 tests from TestUTADataset
[ RUN      ] TestUTADataset.KienUTADataExtracted_when_BeaconIsParsed
[       OK ] TestUTADataset.KienUTADataExtracted_when_BeaconIsParsed (0 ms)
[ RUN      ] TestUTADataset.WriteDatasetToString_when_Serializing
[       OK ] TestUTADataset.WriteDatasetToString_when_Serializing (0 ms)
[ RUN      ] TestUTADataset.FailSafe_when_InputNotValid
[       OK ] TestUTADataset.FailSafe_when_InputNotValid (502 ms)
[----------] 3 tests from TestUTADataset (502 ms total)

[----------] Global test environment tear-down
[==========] 3 tests from 1 test case ran. (502 ms total)
[  PASSED  ] 3 tests.
<end of output>
Test time =   0.51 sec
----------------------------------------------------------
Test Passed.
"TestUTADataset" end time: Jan 21 09:47 CET
"TestUTADataset" time elapsed: 00:00:00
----------------------------------------------------------

End testing: Jan 21 09:47 CET
